Using pre-set license
Built from '2020.3/staging' branch; Version is '2020.3.13f1 (71691879b7f5) revision 7432472'; Using compiler version '192528614'; Build Type 'Release'
OS: 'Windows 10 Pro; OS build 19042.1348; Version 2009; 64bit' Language: 'fr' Physical Memory: 32716 MB
BatchMode: 1, IsHumanControllingUs: 0, StartBugReporterOnCrash: 0, Is64bit: 1, IsPro: 0

 COMMAND LINE ARGUMENTS:
C:\Program Files\Unity\Editor\Unity.exe
-adb2
-batchMode
-noUpm
-name
AssetImportWorker0
-projectPath
C:/Users/hfourmestraux/Documents/GitHub/TP_VR
-logFile
Logs/AssetImportWorker0.log
-srvPort
61147
Successfully changed project path to: C:/Users/hfourmestraux/Documents/GitHub/TP_VR
C:/Users/hfourmestraux/Documents/GitHub/TP_VR
Using Asset Import Pipeline V2.
Refreshing native plugins compatible for Editor in 58.49 ms, found 7 plugins.
Preloading 0 native plugins for Editor in 0.00 ms.
Initialize engine version: 2020.3.13f1 (71691879b7f5)
[Subsystems] Discovering subsystems at path C:/Program Files/Unity/Editor/Data/Resources/UnitySubsystems
[Subsystems] Discovering subsystems at path C:/Users/hfourmestraux/Documents/GitHub/TP_VR/Assets
GfxDevice: creating device client; threaded=0
Direct3D:
    Version:  Direct3D 11.0 [level 11.1]
    Renderer: NVIDIA GeForce RTX 2060 (ID=0x1f08)
    Vendor:   
    VRAM:     5980 MB
    Driver:   27.21.14.5671
Initialize mono
Mono path[0] = 'C:/Program Files/Unity/Editor/Data/Managed'
Mono path[1] = 'C:/Program Files/Unity/Editor/Data/MonoBleedingEdge/lib/mono/unityjit'
Mono config path = 'C:/Program Files/Unity/Editor/Data/MonoBleedingEdge/etc'
Using monoOptions --debugger-agent=transport=dt_socket,embedding=1,server=y,suspend=n,address=127.0.0.1:56032
Begin MonoManager ReloadAssembly
Registering precompiled unity dll's ...
Register platform support module: C:/Program Files/Unity/Editor/Data/PlaybackEngines/WindowsStandaloneSupport/UnityEditor.WindowsStandalone.Extensions.dll
Registered in 0.002017 seconds.
Native extension for WindowsStandalone target not found
Refreshing native plugins compatible for Editor in 46.40 ms, found 7 plugins.
Preloading 0 native plugins for Editor in 0.00 ms.
Mono: successfully reloaded assembly
- Completed reload, in  0.930 seconds
Platform modules already initialized, skipping
Registering precompiled user dll's ...
Registered in 0.011145 seconds.
Begin MonoManager ReloadAssembly
Native extension for WindowsStandalone target not found
Refreshing native plugins compatible for Editor in 45.35 ms, found 7 plugins.
Preloading 0 native plugins for Editor in 0.00 ms.
Mono: successfully reloaded assembly
- Completed reload, in  1.046 seconds
Platform modules already initialized, skipping
========================================================================
Worker process is ready to serve import requests
Launched and connected shader compiler UnityShaderCompiler.exe after 0.03 seconds
Refreshing native plugins compatible for Editor in 0.68 ms, found 7 plugins.
Preloading 0 native plugins for Editor in 0.00 ms.
Unloading 2678 Unused Serialized files (Serialized files now loaded: 0)
System memory in use before: 144.8 MB.
System memory in use after: 145.0 MB.

Unloading 38 unused Assets to reduce memory usage. Loaded Objects now: 3119.
Total: 2.203700 ms (FindLiveObjects: 0.270700 ms CreateObjectMapping: 0.066200 ms MarkObjects: 1.789700 ms  DeleteObjects: 0.076500 ms)

AssetImportParameters requested are different than current active one (requested -> active):
  custom:framework-win-MediaFoundation: 216162199b28c13a410421893ffa2e32 -> 
  custom:video-decoder-ogg-theora: a1e56fd34408186e4bbccfd4996cb3dc -> 
  custom:container-muxer-webm: aa71ff27fc2769a1b78a27578f13a17b -> 
  custom:container-demuxer-webm: 4f35f7cbe854078d1ac9338744f61a02 -> 
  custom:container-demuxer-ogg: 62fdf1f143b41e24485cea50d1cbac27 -> 
  custom:video-encoder-webm-vp8: eb34c28f22e8b96e1ab97ce403110664 -> 
  custom:video-decoder-webm-vp8: 9c59270c3fd7afecdb556c50c9e8de78 -> 
  custom:audio-decoder-ogg-vorbis: bf7c407c2cedff20999df2af8eb42d56 -> 
  custom:audio-encoder-webm-vorbis: bf7c407c2cedff20999df2af8eb42d56 -> 
========================================================================
Received Import Request.
  path: Assets/AmplifyShaderEditor/AmplifyShaderEditor.asmdef
  artifactKey: Guid(f540dafdfbc0586439d98823585550d4) Importer(815301076,1909f56bfc062723c751e8b465ee728b)
Start importing Assets/AmplifyShaderEditor/AmplifyShaderEditor.asmdef using Guid(f540dafdfbc0586439d98823585550d4) Importer(815301076,1909f56bfc062723c751e8b465ee728b)  -> (artifact id: '51f3b18d67d037196b2880c40c478390') in 0.016669 seconds 
  Import took 0.020102 seconds .

========================================================================
Received Import Request.
  Time since last request: 0.000206 seconds.
  path: Assets/Orb.physicMaterial
  artifactKey: Guid(576c5bdbed9046649938caed80d6838f) Importer(815301076,1909f56bfc062723c751e8b465ee728b)
Start importing Assets/Orb.physicMaterial using Guid(576c5bdbed9046649938caed80d6838f) Importer(815301076,1909f56bfc062723c751e8b465ee728b)  -> (artifact id: 'd033aa9ccac4879b85616ad310d96fc2') in 0.014455 seconds 
  Import took 0.017833 seconds .

========================================================================
Received Prepare
Registering precompiled user dll's ...
Registered in 0.011720 seconds.
Begin MonoManager ReloadAssembly
Native extension for WindowsStandalone target not found
Refreshing native plugins compatible for Editor in 0.71 ms, found 7 plugins.
Preloading 0 native plugins for Editor in 0.00 ms.
Mono: successfully reloaded assembly
- Completed reload, in  0.933 seconds
Platform modules already initialized, skipping
Refreshing native plugins compatible for Editor in 0.69 ms, found 7 plugins.
Preloading 0 native plugins for Editor in 0.00 ms.
Unloading 2415 Unused Serialized files (Serialized files now loaded: 0)
System memory in use before: 121.1 MB.
System memory in use after: 121.4 MB.

Unloading 46 unused Assets to reduce memory usage. Loaded Objects now: 3107.
Total: 2.068000 ms (FindLiveObjects: 0.244400 ms CreateObjectMapping: 0.063700 ms MarkObjects: 1.735100 ms  DeleteObjects: 0.024100 ms)

AssetImportParameters requested are different than current active one (requested -> active):
  custom:framework-win-MediaFoundation: 216162199b28c13a410421893ffa2e32 -> 
  custom:video-decoder-ogg-theora: a1e56fd34408186e4bbccfd4996cb3dc -> 
  custom:container-muxer-webm: aa71ff27fc2769a1b78a27578f13a17b -> 
  custom:container-demuxer-webm: 4f35f7cbe854078d1ac9338744f61a02 -> 
  custom:container-demuxer-ogg: 62fdf1f143b41e24485cea50d1cbac27 -> 
  custom:video-encoder-webm-vp8: eb34c28f22e8b96e1ab97ce403110664 -> 
  custom:video-decoder-webm-vp8: 9c59270c3fd7afecdb556c50c9e8de78 -> 
  custom:audio-decoder-ogg-vorbis: bf7c407c2cedff20999df2af8eb42d56 -> 
  custom:audio-encoder-webm-vorbis: bf7c407c2cedff20999df2af8eb42d56 -> 
========================================================================
Received Import Request.
  Time since last request: 14.944916 seconds.
  path: Assets/InputActions.cs
  artifactKey: Guid(cdda98263bc056346888c9eca40d79b7) Importer(815301076,1909f56bfc062723c751e8b465ee728b)
Start importing Assets/InputActions.cs using Guid(cdda98263bc056346888c9eca40d79b7) Importer(815301076,1909f56bfc062723c751e8b465ee728b)  -> (artifact id: '40c5ffd449bea3bb8ea8da9595320481') in 0.010522 seconds 
  Import took 0.014124 seconds .

========================================================================
Received Import Request.
  Time since last request: 0.018860 seconds.
  path: Assets/InputActions.cs
  artifactKey: Guid(cdda98263bc056346888c9eca40d79b7) Importer(815301076,1909f56bfc062723c751e8b465ee728b)
Start importing Assets/InputActions.cs using Guid(cdda98263bc056346888c9eca40d79b7) Importer(815301076,1909f56bfc062723c751e8b465ee728b)  -> (artifact id: '40c5ffd449bea3bb8ea8da9595320481') in 0.002322 seconds 
  Import took 0.004962 seconds .

========================================================================
Received Import Request.
  Time since last request: 28.271952 seconds.
  path: Assets/Scripts/Hand.cs
  artifactKey: Guid(a52feba2d0776f34e9ca2f8b2850b288) Importer(815301076,1909f56bfc062723c751e8b465ee728b)
Start importing Assets/Scripts/Hand.cs using Guid(a52feba2d0776f34e9ca2f8b2850b288) Importer(815301076,1909f56bfc062723c751e8b465ee728b)  -> (artifact id: 'a840832225b32d4a49b3d13d4112593f') in 0.003147 seconds 
  Import took 0.006564 seconds .

========================================================================
Received Import Request.
  Time since last request: 0.322870 seconds.
  path: Assets/Scripts/HandsController.cs
  artifactKey: Guid(71779c1fd46123645859098c8b1e089b) Importer(815301076,1909f56bfc062723c751e8b465ee728b)
Start importing Assets/Scripts/HandsController.cs using Guid(71779c1fd46123645859098c8b1e089b) Importer(815301076,1909f56bfc062723c751e8b465ee728b)  -> (artifact id: 'c27f2b1f6bc9e422020657aa55ba2cf9') in 0.003150 seconds 
  Import took 0.006559 seconds .

========================================================================
Received Import Request.
  Time since last request: 24.789448 seconds.
  path: Assets/Prefabs/Orb.prefab
  artifactKey: Guid(f38c25b07f5a67f48a6d2de23bb5e1ef) Importer(815301076,1909f56bfc062723c751e8b465ee728b)
Start importing Assets/Prefabs/Orb.prefab using Guid(f38c25b07f5a67f48a6d2de23bb5e1ef) Importer(815301076,1909f56bfc062723c751e8b465ee728b)  -> (artifact id: '243b8c6ea06296b0013712ff8567be65') in 0.068853 seconds 
  Import took 0.072690 seconds .

========================================================================
Received Import Request.
  Time since last request: 0.000196 seconds.
  path: Assets/Prefabs/Torch.prefab
  artifactKey: Guid(a5c7d95dda3c0eb4795623f42013218e) Importer(815301076,1909f56bfc062723c751e8b465ee728b)
Start importing Assets/Prefabs/Torch.prefab using Guid(a5c7d95dda3c0eb4795623f42013218e) Importer(815301076,1909f56bfc062723c751e8b465ee728b)  -> (artifact id: 'b66e92c123026a019ebf8beab231840b') in 0.009237 seconds 
  Import took 0.012188 seconds .

========================================================================
Received Import Request.
  Time since last request: 32.230639 seconds.
  path: Assets/Materials/Cube.mat
  artifactKey: Guid(913f199b167c2444fb18291af7c68db0) Importer(815301076,1909f56bfc062723c751e8b465ee728b)
Start importing Assets/Materials/Cube.mat using Guid(913f199b167c2444fb18291af7c68db0) Importer(815301076,1909f56bfc062723c751e8b465ee728b)  -> (artifact id: '6032158eba1527cb6a87af7021c088f1') in 0.024485 seconds 
  Import took 0.028232 seconds .

========================================================================
Received Import Request.
  Time since last request: 0.000162 seconds.
  path: Assets/Materials/Ground.mat
  artifactKey: Guid(4e6247e998db72a4ba9cda4fb1b249fd) Importer(815301076,1909f56bfc062723c751e8b465ee728b)
Start importing Assets/Materials/Ground.mat using Guid(4e6247e998db72a4ba9cda4fb1b249fd) Importer(815301076,1909f56bfc062723c751e8b465ee728b)  -> (artifact id: 'd4abb0ed06acb6f92f67eb9be93a3b19') in 0.009244 seconds 
  Import took 0.012352 seconds .

========================================================================
Received Import Request.
  Time since last request: 15.190549 seconds.
  path: Assets/Scenes/HonoTests.unity
  artifactKey: Guid(f220831e85dd57146af14f57a06d3c9f) Importer(815301076,1909f56bfc062723c751e8b465ee728b)
Start importing Assets/Scenes/HonoTests.unity using Guid(f220831e85dd57146af14f57a06d3c9f) Importer(815301076,1909f56bfc062723c751e8b465ee728b)  -> (artifact id: '6d0c3468c8ef7f13c087d353ea9c57a0') in 0.004877 seconds 
  Import took 0.008653 seconds .

========================================================================
Received Import Request.
  Time since last request: 119.607776 seconds.
  path: Assets/Materials/Dev
  artifactKey: Guid(5244fdb75f8680d439a6d2e2d3b33ba5) Importer(815301076,1909f56bfc062723c751e8b465ee728b)
Start importing Assets/Materials/Dev using Guid(5244fdb75f8680d439a6d2e2d3b33ba5) Importer(815301076,1909f56bfc062723c751e8b465ee728b)  -> (artifact id: '7a81055295e348c7f5e19d11b6ba7def') in 0.003412 seconds 
  Import took 0.007286 seconds .

========================================================================
Received Import Request.
  Time since last request: 21.820342 seconds.
  path: Assets/Materials/Surfaces
  artifactKey: Guid(a2fa4ba7496426d4ea227470cd6d4d89) Importer(815301076,1909f56bfc062723c751e8b465ee728b)
Start importing Assets/Materials/Surfaces using Guid(a2fa4ba7496426d4ea227470cd6d4d89) Importer(815301076,1909f56bfc062723c751e8b465ee728b)  -> (artifact id: 'b3719fa1a539fdfd70a0682e574737dc') in 0.003177 seconds 
  Import took 0.006952 seconds .

========================================================================
Received Import Request.
  Time since last request: 0.067217 seconds.
  path: Assets/Materials/Surfaces/TrimSheet_1_mat.mat
  artifactKey: Guid(a48523682bb61d54ba1886ef18ae13a4) Importer(815301076,1909f56bfc062723c751e8b465ee728b)
Start importing Assets/Materials/Surfaces/TrimSheet_1_mat.mat using Guid(a48523682bb61d54ba1886ef18ae13a4) Importer(815301076,1909f56bfc062723c751e8b465ee728b)  -> (artifact id: 'b1cf1b0d8c2a12f118ceda9aa5673680') in 0.122681 seconds 
  Import took 0.126636 seconds .

========================================================================
Received Import Request.
  Time since last request: 3.769153 seconds.
  path: Assets/Materials/Dev/Cube.mat
  artifactKey: Guid(913f199b167c2444fb18291af7c68db0) Importer(815301076,1909f56bfc062723c751e8b465ee728b)
Start importing Assets/Materials/Dev/Cube.mat using Guid(913f199b167c2444fb18291af7c68db0) Importer(815301076,1909f56bfc062723c751e8b465ee728b)  -> (artifact id: '2f7386b11bfc689b8a544d3470b98bf9') in 0.008517 seconds 
  Import took 0.012182 seconds .

========================================================================
Received Import Request.
  Time since last request: 2.390933 seconds.
  path: Assets/Materials/Fx
  artifactKey: Guid(4091c8d6c3f9b73498a6e555ea72a06a) Importer(815301076,1909f56bfc062723c751e8b465ee728b)
Start importing Assets/Materials/Fx using Guid(4091c8d6c3f9b73498a6e555ea72a06a) Importer(815301076,1909f56bfc062723c751e8b465ee728b)  -> (artifact id: '5ae588c6d91aca0e2e54df205470730b') in 0.003514 seconds 
  Import took 0.007204 seconds .

========================================================================
Received Import Request.
  Time since last request: 0.063975 seconds.
  path: Assets/Materials/Fx/Fire.mat
  artifactKey: Guid(63b93ba7bbd92434ea2847b77cd9cb8f) Importer(815301076,1909f56bfc062723c751e8b465ee728b)
Start importing Assets/Materials/Fx/Fire.mat using Guid(63b93ba7bbd92434ea2847b77cd9cb8f) Importer(815301076,1909f56bfc062723c751e8b465ee728b)  -> (artifact id: '14e6884dde5899b95b8bd1716f4ae348') in 0.013640 seconds 
  Import took 0.017568 seconds .

========================================================================
Received Import Request.
  Time since last request: 0.000156 seconds.
  path: Assets/Materials/Fx/TorchFire.mat
  artifactKey: Guid(eb56b69e4a012d047a12339db012f842) Importer(815301076,1909f56bfc062723c751e8b465ee728b)
Start importing Assets/Materials/Fx/TorchFire.mat using Guid(eb56b69e4a012d047a12339db012f842) Importer(815301076,1909f56bfc062723c751e8b465ee728b)  -> (artifact id: 'fc6323b9119845faf39d4caaadf98658') in 0.072350 seconds 
  Import took 0.075604 seconds .

========================================================================
Received Import Request.
  Time since last request: 5.482993 seconds.
  path: Assets/AmplifyShaderEditor
  artifactKey: Guid(0f700462f6db085419ed0742936256f6) Importer(815301076,1909f56bfc062723c751e8b465ee728b)
Start importing Assets/AmplifyShaderEditor using Guid(0f700462f6db085419ed0742936256f6) Importer(815301076,1909f56bfc062723c751e8b465ee728b)  -> (artifact id: '99aa6fdb860d7d6a2c3acb39a7250e4c') in 0.002853 seconds 
  Import took 0.006712 seconds .

========================================================================
Received Import Request.
  Time since last request: 6.126974 seconds.
  path: Assets/Scenes/HonoTests.unity
  artifactKey: Guid(f220831e85dd57146af14f57a06d3c9f) Importer(815301076,1909f56bfc062723c751e8b465ee728b)
Start importing Assets/Scenes/HonoTests.unity using Guid(f220831e85dd57146af14f57a06d3c9f) Importer(815301076,1909f56bfc062723c751e8b465ee728b)  -> (artifact id: 'bb96b5200b42ce7f739aaf050723af55') in 0.003361 seconds 
  Import took 0.007230 seconds .

========================================================================
Received Import Request.
  Time since last request: 74.410594 seconds.
  path: ProjectSettings/TagManager.asset
  artifactKey: Guid(00000000000000003000000000000000) Importer(815301076,1909f56bfc062723c751e8b465ee728b)
Start importing ProjectSettings/TagManager.asset using Guid(00000000000000003000000000000000) Importer(815301076,1909f56bfc062723c751e8b465ee728b)  -> (artifact id: 'a97c4d1ff28c43f87f152233410b4d85') in 0.006276 seconds 
  Import took 0.010026 seconds .

========================================================================
Received Import Request.
  Time since last request: 64.773267 seconds.
  path: Assets/Materials/Dev/Ground.mat
  artifactKey: Guid(4e6247e998db72a4ba9cda4fb1b249fd) Importer(815301076,1909f56bfc062723c751e8b465ee728b)
Start importing Assets/Materials/Dev/Ground.mat using Guid(4e6247e998db72a4ba9cda4fb1b249fd) Importer(815301076,1909f56bfc062723c751e8b465ee728b)  -> (artifact id: '50ef4bec6f35f23902522f375e5674f8') in 0.009461 seconds 
  Import took 0.013351 seconds .

========================================================================
Received Import Request.
  Time since last request: 76.105021 seconds.
  path: Assets/Scripts/Deplacements.cs
  artifactKey: Guid(1751d10cbde22aa46bb4348c63b9700f) Importer(815301076,1909f56bfc062723c751e8b465ee728b)
Start importing Assets/Scripts/Deplacements.cs using Guid(1751d10cbde22aa46bb4348c63b9700f) Importer(815301076,1909f56bfc062723c751e8b465ee728b)  -> (artifact id: '50e95eccf5cd1995dda027d6dd9f6b70') in 0.003344 seconds 
  Import took 0.006849 seconds .

========================================================================
Received Import Request.
  Time since last request: 0.003233 seconds.
  path: Assets/Scripts/Deplacements.cs
  artifactKey: Guid(1751d10cbde22aa46bb4348c63b9700f) Importer(815301076,1909f56bfc062723c751e8b465ee728b)
Start importing Assets/Scripts/Deplacements.cs using Guid(1751d10cbde22aa46bb4348c63b9700f) Importer(815301076,1909f56bfc062723c751e8b465ee728b)  -> (artifact id: '50e95eccf5cd1995dda027d6dd9f6b70') in 0.002738 seconds 
  Import took 0.005824 seconds .

========================================================================
Received Import Request.
  Time since last request: 26.390890 seconds.
  path: Assets/InputActions.inputactions
  artifactKey: Guid(36e3e04891c2c594eab5c6329ac90682) Importer(815301076,1909f56bfc062723c751e8b465ee728b)
Start importing Assets/InputActions.inputactions using Guid(36e3e04891c2c594eab5c6329ac90682) Importer(815301076,1909f56bfc062723c751e8b465ee728b)  -> (artifact id: 'b60e17495c1b121dec38bf1f7ea05738') in 0.009178 seconds 
  Import took 0.013142 seconds .

========================================================================
Received Import Request.
  Time since last request: 0.008110 seconds.
  path: Assets/InputActions.inputactions
  artifactKey: Guid(36e3e04891c2c594eab5c6329ac90682) Importer(815301076,1909f56bfc062723c751e8b465ee728b)
Start importing Assets/InputActions.inputactions using Guid(36e3e04891c2c594eab5c6329ac90682) Importer(815301076,1909f56bfc062723c751e8b465ee728b)  -> (artifact id: 'b60e17495c1b121dec38bf1f7ea05738') in 0.003648 seconds 
  Import took 0.007381 seconds .

========================================================================
Received Prepare
Registering precompiled user dll's ...
Registered in 0.011281 seconds.
Begin MonoManager ReloadAssembly
Native extension for WindowsStandalone target not found
Refreshing native plugins compatible for Editor in 0.70 ms, found 7 plugins.
Preloading 0 native plugins for Editor in 0.00 ms.
Mono: successfully reloaded assembly
- Completed reload, in  0.959 seconds
Platform modules already initialized, skipping
Refreshing native plugins compatible for Editor in 0.70 ms, found 7 plugins.
Preloading 0 native plugins for Editor in 0.00 ms.
Unloading 2415 Unused Serialized files (Serialized files now loaded: 0)
System memory in use before: 124.4 MB.
System memory in use after: 124.7 MB.

Unloading 33 unused Assets to reduce memory usage. Loaded Objects now: 3152.
Total: 2.404400 ms (FindLiveObjects: 0.271300 ms CreateObjectMapping: 0.065700 ms MarkObjects: 2.033700 ms  DeleteObjects: 0.032900 ms)

AssetImportParameters requested are different than current active one (requested -> active):
  custom:framework-win-MediaFoundation: 216162199b28c13a410421893ffa2e32 -> 
  custom:video-decoder-ogg-theora: a1e56fd34408186e4bbccfd4996cb3dc -> 
  custom:container-muxer-webm: aa71ff27fc2769a1b78a27578f13a17b -> 
  custom:container-demuxer-webm: 4f35f7cbe854078d1ac9338744f61a02 -> 
  custom:container-demuxer-ogg: 62fdf1f143b41e24485cea50d1cbac27 -> 
  custom:video-encoder-webm-vp8: eb34c28f22e8b96e1ab97ce403110664 -> 
  custom:video-decoder-webm-vp8: 9c59270c3fd7afecdb556c50c9e8de78 -> 
  custom:audio-decoder-ogg-vorbis: bf7c407c2cedff20999df2af8eb42d56 -> 
  custom:audio-encoder-webm-vorbis: bf7c407c2cedff20999df2af8eb42d56 -> 
========================================================================
Received Import Request.
  Time since last request: 14.820735 seconds.
  path: Assets/InputActions.inputactions
  artifactKey: Guid(36e3e04891c2c594eab5c6329ac90682) Importer(815301076,1909f56bfc062723c751e8b465ee728b)
Start importing Assets/InputActions.inputactions using Guid(36e3e04891c2c594eab5c6329ac90682) Importer(815301076,1909f56bfc062723c751e8b465ee728b)  -> (artifact id: 'e3e2b1cb132f8317ded03b3e4fa71777') in 0.027884 seconds 
  Import took 0.031724 seconds .

========================================================================
Received Prepare
Registering precompiled user dll's ...
Registered in 0.009670 seconds.
Begin MonoManager ReloadAssembly
Native extension for WindowsStandalone target not found
Refreshing native plugins compatible for Editor in 0.75 ms, found 7 plugins.
Preloading 0 native plugins for Editor in 0.00 ms.
Mono: successfully reloaded assembly
- Completed reload, in  0.945 seconds
Platform modules already initialized, skipping
Refreshing native plugins compatible for Editor in 0.69 ms, found 7 plugins.
Preloading 0 native plugins for Editor in 0.00 ms.
Unloading 2415 Unused Serialized files (Serialized files now loaded: 0)
System memory in use before: 124.4 MB.
System memory in use after: 124.7 MB.

Unloading 31 unused Assets to reduce memory usage. Loaded Objects now: 3155.
Total: 2.126100 ms (FindLiveObjects: 0.239900 ms CreateObjectMapping: 0.063900 ms MarkObjects: 1.803000 ms  DeleteObjects: 0.018500 ms)

AssetImportParameters requested are different than current active one (requested -> active):
  custom:framework-win-MediaFoundation: 216162199b28c13a410421893ffa2e32 -> 
  custom:video-decoder-ogg-theora: a1e56fd34408186e4bbccfd4996cb3dc -> 
  custom:container-muxer-webm: aa71ff27fc2769a1b78a27578f13a17b -> 
  custom:container-demuxer-webm: 4f35f7cbe854078d1ac9338744f61a02 -> 
  custom:container-demuxer-ogg: 62fdf1f143b41e24485cea50d1cbac27 -> 
  custom:video-encoder-webm-vp8: eb34c28f22e8b96e1ab97ce403110664 -> 
  custom:video-decoder-webm-vp8: 9c59270c3fd7afecdb556c50c9e8de78 -> 
  custom:audio-decoder-ogg-vorbis: bf7c407c2cedff20999df2af8eb42d56 -> 
  custom:audio-encoder-webm-vorbis: bf7c407c2cedff20999df2af8eb42d56 -> 
========================================================================
Received Import Request.
  Time since last request: 30.252765 seconds.
  path: Assets/InputActions.inputactions
  artifactKey: Guid(36e3e04891c2c594eab5c6329ac90682) Importer(815301076,1909f56bfc062723c751e8b465ee728b)
Start importing Assets/InputActions.inputactions using Guid(36e3e04891c2c594eab5c6329ac90682) Importer(815301076,1909f56bfc062723c751e8b465ee728b)  -> (artifact id: '024fa56dda6d564d242741dd527b488b') in 0.026272 seconds 
  Import took 0.030053 seconds .

========================================================================
Received Prepare
Registering precompiled user dll's ...
Registered in 0.009751 seconds.
Begin MonoManager ReloadAssembly
Native extension for WindowsStandalone target not found
Refreshing native plugins compatible for Editor in 0.75 ms, found 7 plugins.
Preloading 0 native plugins for Editor in 0.00 ms.
Mono: successfully reloaded assembly
- Completed reload, in  0.925 seconds
Platform modules already initialized, skipping
Refreshing native plugins compatible for Editor in 0.71 ms, found 7 plugins.
Preloading 0 native plugins for Editor in 0.00 ms.
Unloading 2415 Unused Serialized files (Serialized files now loaded: 0)
System memory in use before: 124.5 MB.
System memory in use after: 124.7 MB.

Unloading 31 unused Assets to reduce memory usage. Loaded Objects now: 3158.
Total: 2.263200 ms (FindLiveObjects: 0.294500 ms CreateObjectMapping: 0.063800 ms MarkObjects: 1.884800 ms  DeleteObjects: 0.019000 ms)

AssetImportParameters requested are different than current active one (requested -> active):
  custom:framework-win-MediaFoundation: 216162199b28c13a410421893ffa2e32 -> 
  custom:video-decoder-ogg-theora: a1e56fd34408186e4bbccfd4996cb3dc -> 
  custom:container-muxer-webm: aa71ff27fc2769a1b78a27578f13a17b -> 
  custom:container-demuxer-webm: 4f35f7cbe854078d1ac9338744f61a02 -> 
  custom:container-demuxer-ogg: 62fdf1f143b41e24485cea50d1cbac27 -> 
  custom:video-encoder-webm-vp8: eb34c28f22e8b96e1ab97ce403110664 -> 
  custom:video-decoder-webm-vp8: 9c59270c3fd7afecdb556c50c9e8de78 -> 
  custom:audio-decoder-ogg-vorbis: bf7c407c2cedff20999df2af8eb42d56 -> 
  custom:audio-encoder-webm-vorbis: bf7c407c2cedff20999df2af8eb42d56 -> 
========================================================================
Received Import Request.
  Time since last request: 14.530010 seconds.
  path: Assets/InputActions.inputactions
  artifactKey: Guid(36e3e04891c2c594eab5c6329ac90682) Importer(815301076,1909f56bfc062723c751e8b465ee728b)
Start importing Assets/InputActions.inputactions using Guid(36e3e04891c2c594eab5c6329ac90682) Importer(815301076,1909f56bfc062723c751e8b465ee728b)  -> (artifact id: 'bd37fd396a3ca82c6716dcfe380a61eb') in 0.026537 seconds 
  Import took 0.030401 seconds .

========================================================================
Received Prepare
Registering precompiled user dll's ...
Registered in 0.009400 seconds.
Begin MonoManager ReloadAssembly
Native extension for WindowsStandalone target not found
Refreshing native plugins compatible for Editor in 0.69 ms, found 7 plugins.
Preloading 0 native plugins for Editor in 0.00 ms.
Mono: successfully reloaded assembly
- Completed reload, in  0.924 seconds
Platform modules already initialized, skipping
Refreshing native plugins compatible for Editor in 0.70 ms, found 7 plugins.
Preloading 0 native plugins for Editor in 0.00 ms.
Unloading 2415 Unused Serialized files (Serialized files now loaded: 0)
System memory in use before: 124.5 MB.
System memory in use after: 124.7 MB.

Unloading 31 unused Assets to reduce memory usage. Loaded Objects now: 3161.
Total: 2.157400 ms (FindLiveObjects: 0.269500 ms CreateObjectMapping: 0.065300 ms MarkObjects: 1.800000 ms  DeleteObjects: 0.021500 ms)

AssetImportParameters requested are different than current active one (requested -> active):
  custom:framework-win-MediaFoundation: 216162199b28c13a410421893ffa2e32 -> 
  custom:video-decoder-ogg-theora: a1e56fd34408186e4bbccfd4996cb3dc -> 
  custom:container-muxer-webm: aa71ff27fc2769a1b78a27578f13a17b -> 
  custom:container-demuxer-webm: 4f35f7cbe854078d1ac9338744f61a02 -> 
  custom:container-demuxer-ogg: 62fdf1f143b41e24485cea50d1cbac27 -> 
  custom:video-encoder-webm-vp8: eb34c28f22e8b96e1ab97ce403110664 -> 
  custom:video-decoder-webm-vp8: 9c59270c3fd7afecdb556c50c9e8de78 -> 
  custom:audio-decoder-ogg-vorbis: bf7c407c2cedff20999df2af8eb42d56 -> 
  custom:audio-encoder-webm-vorbis: bf7c407c2cedff20999df2af8eb42d56 -> 
========================================================================
Received Import Request.
  Time since last request: 10.633006 seconds.
  path: Assets/InputActions.inputactions
  artifactKey: Guid(36e3e04891c2c594eab5c6329ac90682) Importer(815301076,1909f56bfc062723c751e8b465ee728b)
Start importing Assets/InputActions.inputactions using Guid(36e3e04891c2c594eab5c6329ac90682) Importer(815301076,1909f56bfc062723c751e8b465ee728b)  -> (artifact id: '7ab7857db1560d63546f668310001093') in 0.026094 seconds 
  Import took 0.029884 seconds .

========================================================================
Received Prepare
Registering precompiled user dll's ...
Registered in 0.009756 seconds.
Begin MonoManager ReloadAssembly
Native extension for WindowsStandalone target not found
Refreshing native plugins compatible for Editor in 0.69 ms, found 7 plugins.
Preloading 0 native plugins for Editor in 0.00 ms.
Mono: successfully reloaded assembly
- Completed reload, in  0.934 seconds
Platform modules already initialized, skipping
Refreshing native plugins compatible for Editor in 0.74 ms, found 7 plugins.
Preloading 0 native plugins for Editor in 0.00 ms.
Unloading 2415 Unused Serialized files (Serialized files now loaded: 0)
System memory in use before: 124.5 MB.
System memory in use after: 124.7 MB.

Unloading 31 unused Assets to reduce memory usage. Loaded Objects now: 3164.
Total: 2.630700 ms (FindLiveObjects: 0.248100 ms CreateObjectMapping: 0.073100 ms MarkObjects: 2.276500 ms  DeleteObjects: 0.031900 ms)

AssetImportParameters requested are different than current active one (requested -> active):
  custom:framework-win-MediaFoundation: 216162199b28c13a410421893ffa2e32 -> 
  custom:video-decoder-ogg-theora: a1e56fd34408186e4bbccfd4996cb3dc -> 
  custom:container-muxer-webm: aa71ff27fc2769a1b78a27578f13a17b -> 
  custom:container-demuxer-webm: 4f35f7cbe854078d1ac9338744f61a02 -> 
  custom:container-demuxer-ogg: 62fdf1f143b41e24485cea50d1cbac27 -> 
  custom:video-encoder-webm-vp8: eb34c28f22e8b96e1ab97ce403110664 -> 
  custom:video-decoder-webm-vp8: 9c59270c3fd7afecdb556c50c9e8de78 -> 
  custom:audio-decoder-ogg-vorbis: bf7c407c2cedff20999df2af8eb42d56 -> 
  custom:audio-encoder-webm-vorbis: bf7c407c2cedff20999df2af8eb42d56 -> 
========================================================================
Received Import Request.
  Time since last request: 7.794068 seconds.
  path: Assets/InputActions.inputactions
  artifactKey: Guid(36e3e04891c2c594eab5c6329ac90682) Importer(815301076,1909f56bfc062723c751e8b465ee728b)
Start importing Assets/InputActions.inputactions using Guid(36e3e04891c2c594eab5c6329ac90682) Importer(815301076,1909f56bfc062723c751e8b465ee728b)  -> (artifact id: 'fbace0e945968aba4dcd1844e32c5a15') in 0.025864 seconds 
  Import took 0.029651 seconds .

========================================================================
Received Prepare
Registering precompiled user dll's ...
Registered in 0.010001 seconds.
Begin MonoManager ReloadAssembly
Native extension for WindowsStandalone target not found
Refreshing native plugins compatible for Editor in 0.69 ms, found 7 plugins.
Preloading 0 native plugins for Editor in 0.00 ms.
Mono: successfully reloaded assembly
- Completed reload, in  0.949 seconds
Platform modules already initialized, skipping
Refreshing native plugins compatible for Editor in 0.73 ms, found 7 plugins.
Preloading 0 native plugins for Editor in 0.00 ms.
Unloading 2415 Unused Serialized files (Serialized files now loaded: 0)
System memory in use before: 124.5 MB.
System memory in use after: 124.7 MB.

Unloading 31 unused Assets to reduce memory usage. Loaded Objects now: 3167.
Total: 2.141300 ms (FindLiveObjects: 0.246700 ms CreateObjectMapping: 0.063800 ms MarkObjects: 1.812400 ms  DeleteObjects: 0.017600 ms)

AssetImportParameters requested are different than current active one (requested -> active):
  custom:framework-win-MediaFoundation: 216162199b28c13a410421893ffa2e32 -> 
  custom:video-decoder-ogg-theora: a1e56fd34408186e4bbccfd4996cb3dc -> 
  custom:container-muxer-webm: aa71ff27fc2769a1b78a27578f13a17b -> 
  custom:container-demuxer-webm: 4f35f7cbe854078d1ac9338744f61a02 -> 
  custom:container-demuxer-ogg: 62fdf1f143b41e24485cea50d1cbac27 -> 
  custom:video-encoder-webm-vp8: eb34c28f22e8b96e1ab97ce403110664 -> 
  custom:video-decoder-webm-vp8: 9c59270c3fd7afecdb556c50c9e8de78 -> 
  custom:audio-decoder-ogg-vorbis: bf7c407c2cedff20999df2af8eb42d56 -> 
  custom:audio-encoder-webm-vorbis: bf7c407c2cedff20999df2af8eb42d56 -> 
========================================================================
Received Import Request.
  Time since last request: 10.944693 seconds.
  path: Assets/InputActions.inputactions
  artifactKey: Guid(36e3e04891c2c594eab5c6329ac90682) Importer(815301076,1909f56bfc062723c751e8b465ee728b)
Start importing Assets/InputActions.inputactions using Guid(36e3e04891c2c594eab5c6329ac90682) Importer(815301076,1909f56bfc062723c751e8b465ee728b)  -> (artifact id: '570b6f9f85bf2dc89c6ac58ba6468e8c') in 0.025522 seconds 
  Import took 0.029298 seconds .

========================================================================
Received Prepare
Registering precompiled user dll's ...
Registered in 0.010216 seconds.
Begin MonoManager ReloadAssembly
Native extension for WindowsStandalone target not found
Refreshing native plugins compatible for Editor in 0.69 ms, found 7 plugins.
Preloading 0 native plugins for Editor in 0.00 ms.
Mono: successfully reloaded assembly
- Completed reload, in  0.916 seconds
Platform modules already initialized, skipping
Refreshing native plugins compatible for Editor in 0.70 ms, found 7 plugins.
Preloading 0 native plugins for Editor in 0.00 ms.
Unloading 2415 Unused Serialized files (Serialized files now loaded: 0)
System memory in use before: 124.5 MB.
System memory in use after: 124.8 MB.

Unloading 31 unused Assets to reduce memory usage. Loaded Objects now: 3170.
Total: 2.197900 ms (FindLiveObjects: 0.246200 ms CreateObjectMapping: 0.076700 ms MarkObjects: 1.855400 ms  DeleteObjects: 0.018800 ms)

AssetImportParameters requested are different than current active one (requested -> active):
  custom:framework-win-MediaFoundation: 216162199b28c13a410421893ffa2e32 -> 
  custom:video-decoder-ogg-theora: a1e56fd34408186e4bbccfd4996cb3dc -> 
  custom:container-muxer-webm: aa71ff27fc2769a1b78a27578f13a17b -> 
  custom:container-demuxer-webm: 4f35f7cbe854078d1ac9338744f61a02 -> 
  custom:container-demuxer-ogg: 62fdf1f143b41e24485cea50d1cbac27 -> 
  custom:video-encoder-webm-vp8: eb34c28f22e8b96e1ab97ce403110664 -> 
  custom:video-decoder-webm-vp8: 9c59270c3fd7afecdb556c50c9e8de78 -> 
  custom:audio-decoder-ogg-vorbis: bf7c407c2cedff20999df2af8eb42d56 -> 
  custom:audio-encoder-webm-vorbis: bf7c407c2cedff20999df2af8eb42d56 -> 
========================================================================
Received Prepare
Registering precompiled user dll's ...
Registered in 0.010449 seconds.
Begin MonoManager ReloadAssembly
Native extension for WindowsStandalone target not found
Refreshing native plugins compatible for Editor in 0.69 ms, found 7 plugins.
Preloading 0 native plugins for Editor in 0.00 ms.
Mono: successfully reloaded assembly
- Completed reload, in  0.930 seconds
Platform modules already initialized, skipping
Refreshing native plugins compatible for Editor in 0.71 ms, found 7 plugins.
Preloading 0 native plugins for Editor in 0.00 ms.
Unloading 2415 Unused Serialized files (Serialized files now loaded: 0)
System memory in use before: 124.5 MB.
System memory in use after: 124.8 MB.

Unloading 31 unused Assets to reduce memory usage. Loaded Objects now: 3173.
Total: 2.211000 ms (FindLiveObjects: 0.275100 ms CreateObjectMapping: 0.079900 ms MarkObjects: 1.836000 ms  DeleteObjects: 0.018800 ms)

AssetImportParameters requested are different than current active one (requested -> active):
  custom:framework-win-MediaFoundation: 216162199b28c13a410421893ffa2e32 -> 
  custom:video-decoder-ogg-theora: a1e56fd34408186e4bbccfd4996cb3dc -> 
  custom:container-muxer-webm: aa71ff27fc2769a1b78a27578f13a17b -> 
  custom:container-demuxer-webm: 4f35f7cbe854078d1ac9338744f61a02 -> 
  custom:container-demuxer-ogg: 62fdf1f143b41e24485cea50d1cbac27 -> 
  custom:video-encoder-webm-vp8: eb34c28f22e8b96e1ab97ce403110664 -> 
  custom:video-decoder-webm-vp8: 9c59270c3fd7afecdb556c50c9e8de78 -> 
  custom:audio-decoder-ogg-vorbis: bf7c407c2cedff20999df2af8eb42d56 -> 
  custom:audio-encoder-webm-vorbis: bf7c407c2cedff20999df2af8eb42d56 -> 
========================================================================
Received Prepare
Registering precompiled user dll's ...
Registered in 0.010273 seconds.
Begin MonoManager ReloadAssembly
Native extension for WindowsStandalone target not found
Refreshing native plugins compatible for Editor in 0.72 ms, found 7 plugins.
Preloading 0 native plugins for Editor in 0.00 ms.
Mono: successfully reloaded assembly
- Completed reload, in  0.917 seconds
Platform modules already initialized, skipping
Refreshing native plugins compatible for Editor in 0.70 ms, found 7 plugins.
Preloading 0 native plugins for Editor in 0.00 ms.
Unloading 2415 Unused Serialized files (Serialized files now loaded: 0)
System memory in use before: 124.5 MB.
System memory in use after: 124.8 MB.

Unloading 31 unused Assets to reduce memory usage. Loaded Objects now: 3176.
Total: 2.094700 ms (FindLiveObjects: 0.248800 ms CreateObjectMapping: 0.063800 ms MarkObjects: 1.764000 ms  DeleteObjects: 0.017200 ms)

AssetImportParameters requested are different than current active one (requested -> active):
  custom:framework-win-MediaFoundation: 216162199b28c13a410421893ffa2e32 -> 
  custom:video-decoder-ogg-theora: a1e56fd34408186e4bbccfd4996cb3dc -> 
  custom:container-muxer-webm: aa71ff27fc2769a1b78a27578f13a17b -> 
  custom:container-demuxer-webm: 4f35f7cbe854078d1ac9338744f61a02 -> 
  custom:container-demuxer-ogg: 62fdf1f143b41e24485cea50d1cbac27 -> 
  custom:video-encoder-webm-vp8: eb34c28f22e8b96e1ab97ce403110664 -> 
  custom:video-decoder-webm-vp8: 9c59270c3fd7afecdb556c50c9e8de78 -> 
  custom:audio-decoder-ogg-vorbis: bf7c407c2cedff20999df2af8eb42d56 -> 
  custom:audio-encoder-webm-vorbis: bf7c407c2cedff20999df2af8eb42d56 -> 
========================================================================
Received Prepare
Registering precompiled user dll's ...
Registered in 0.010343 seconds.
Begin MonoManager ReloadAssembly
Native extension for WindowsStandalone target not found
Refreshing native plugins compatible for Editor in 0.72 ms, found 7 plugins.
Preloading 0 native plugins for Editor in 0.00 ms.
Mono: successfully reloaded assembly
- Completed reload, in  0.919 seconds
Platform modules already initialized, skipping
Refreshing native plugins compatible for Editor in 0.70 ms, found 7 plugins.
Preloading 0 native plugins for Editor in 0.00 ms.
Unloading 2415 Unused Serialized files (Serialized files now loaded: 0)
System memory in use before: 124.5 MB.
System memory in use after: 124.8 MB.

Unloading 31 unused Assets to reduce memory usage. Loaded Objects now: 3179.
Total: 2.133500 ms (FindLiveObjects: 0.256000 ms CreateObjectMapping: 0.064400 ms MarkObjects: 1.792200 ms  DeleteObjects: 0.019800 ms)

AssetImportParameters requested are different than current active one (requested -> active):
  custom:framework-win-MediaFoundation: 216162199b28c13a410421893ffa2e32 -> 
  custom:video-decoder-ogg-theora: a1e56fd34408186e4bbccfd4996cb3dc -> 
  custom:container-muxer-webm: aa71ff27fc2769a1b78a27578f13a17b -> 
  custom:container-demuxer-webm: 4f35f7cbe854078d1ac9338744f61a02 -> 
  custom:container-demuxer-ogg: 62fdf1f143b41e24485cea50d1cbac27 -> 
  custom:video-encoder-webm-vp8: eb34c28f22e8b96e1ab97ce403110664 -> 
  custom:video-decoder-webm-vp8: 9c59270c3fd7afecdb556c50c9e8de78 -> 
  custom:audio-decoder-ogg-vorbis: bf7c407c2cedff20999df2af8eb42d56 -> 
  custom:audio-encoder-webm-vorbis: bf7c407c2cedff20999df2af8eb42d56 -> 
